#
# There is insufficient memory for the Java Runtime Environment to continue.
# Native memory allocation (malloc) failed to allocate 160088 bytes for AllocateHeap
# Possible reasons:
#   The system is out of physical RAM or swap space
#   The process is running with CompressedOops enabled, and the Java Heap may be blocking the growth of the native heap
# Possible solutions:
#   Reduce memory load on the system
#   Increase physical memory or swap space
#   Check if swap backing store is full
#   Decrease Java heap size (-Xmx/-Xms)
#   Decrease number of Java threads
#   Decrease Java thread stack sizes (-Xss)
#   Set larger code cache with -XX:ReservedCodeCacheSize=
#   JVM is running with Zero Based Compressed Oops mode in which the Java heap is
#     placed in the first 32GB address space. The Java Heap base address is the
#     maximum limit for the native heap growth. Please use -XX:HeapBaseMinAddress
#     to set the Java Heap base and to place the Java Heap above 32GB virtual address.
# This output file may be truncated or incomplete.
#
#  Out of Memory Error (src/hotspot/share/memory/allocation.cpp:46), pid=25000, tid=27372
#
# JRE version:  (11.0.15+10) (build )
# Java VM: OpenJDK 64-Bit Server VM (11.0.15+10-b2043.56, mixed mode, tiered, compressed oops, g1 gc, windows-amd64)
# No core dump will be written. Minidumps are not enabled by default on client versions of Windows
#

---------------  S U M M A R Y ------------

Command Line: -Djava.rmi.server.hostname=127.0.0.1 -Duser.timezone=UTC -Xmx4096m -Xms3550m -Dfile.encoding=UTF-8 com.intellij.database.remote.RemoteJdbcServer com.mysql.cj.jdbc.Driver

Host: AMD Ryzen 5 5600H with Radeon Graphics         , 12 cores, 15G,  Windows 10 , 64 bit Build 19041 (10.0.19041.2546)
Time: Tue Apr 18 19:44:07 2023  Windows 10 , 64 bit Build 19041 (10.0.19041.2546) elapsed time: 0.085526 seconds (0d 0h 0m 0s)

---------------  T H R E A D  ---------------

Current thread (0x000001fa6dbdd000):  JavaThread "Unknown thread" [_thread_in_vm, id=27372, stack(0x000000f90d400000,0x000000f90d500000)]

Stack: [0x000000f90d400000,0x000000f90d500000]
Native frames: (J=compiled Java code, j=interpreted, Vv=VM code, C=native code)
V  [jvm.dll+0x61612a]
V  [jvm.dll+0x79c450]
V  [jvm.dll+0x79da6d]
V  [jvm.dll+0x79e143]
V  [jvm.dll+0x24cc18]
V  [jvm.dll+0xb897a]
V  [jvm.dll+0x2b75a8]
V  [jvm.dll+0x5c2a81]
V  [jvm.dll+0x77ae42]
V  [jvm.dll+0x368a59]
V  [jvm.dll+0x75ce8e]
V  [jvm.dll+0x3d6a33]
V  [jvm.dll+0x3d9001]
C  [jli.dll+0x536b]
C  [ucrtbase.dll+0x21bb2]
C  [KERNEL32.DLL+0x17614]
C  [ntdll.dll+0x526a1]


---------------  P R O C E S S  ---------------

Threads class SMR info:
_java_thread_list=0x000001fa6db02a20, length=0, elements={
}

Java Threads: ( => current thread )

Other Threads:
  0x000001fa6fc30000 GCTaskThread "GC Thread#0" [stack: 0x000000f90d500000,0x000000f90d600000] [id=8784]
  0x000001fa6fc90000 ConcurrentGCThread "G1 Main Marker" [stack: 0x000000f90d600000,0x000000f90d700000] [id=20768]
  0x000001fa6fc92000 ConcurrentGCThread "G1 Conc#0" [stack: 0x000000f90d700000,0x000000f90d800000] [id=23856]
  0x000001fa0f41c800 ConcurrentGCThread "G1 Refine#0" [stack: 0x000000f90d800000,0x000000f90d900000] [id=14184]
  0x000001fa0f41d800 ConcurrentGCThread "G1 Young RemSet Sampling" [stack: 0x000000f90d900000,0x000000f90da00000] [id=30484]

=>0x000001fa6dbdd000 (exited) JavaThread "Unknown thread" [_thread_in_vm, id=27372, stack(0x000000f90d400000,0x000000f90d500000)]

Threads with active compile tasks:

VM state:not at safepoint (not fully initialized)

VM Mutex/Monitor currently owned by a thread: None

Heap address: 0x0000000700000000, size: 4096 MB, Compressed Oops mode: Zero based, Oop shift amount: 3
Narrow klass base: 0x0000000800000000, Narrow klass shift: 0
Compressed class space size: 1073741824 Address: 0x0000000800000000

GC Heap History (0 events):
No events

Deoptimization events (0 events):
No events

Classes redefined (0 events):
No events

Internal exceptions (0 events):
No events

Events (1 events):
Event: 0.009 Loaded shared library F:\IDEA\IntelliJ IDEA 2022.1\jbr\bin\zip.dll


Dynamic libraries:
0x00007ff702580000 - 0x00007ff70258a000 	F:\IDEA\IntelliJ IDEA 2022.1\jbr\bin\java.exe
0x00007ff809c90000 - 0x00007ff809e88000 	C:\Windows\SYSTEM32\ntdll.dll
0x00007ff8091d0000 - 0x00007ff80928f000 	C:\Windows\System32\KERNEL32.DLL
0x00007ff8079f0000 - 0x00007ff807cc2000 	C:\Windows\System32\KERNELBASE.dll
0x00007ff8075a0000 - 0x00007ff8076a0000 	C:\Windows\System32\ucrtbase.dll
0x00007fffdae70000 - 0x00007fffdae89000 	F:\IDEA\IntelliJ IDEA 2022.1\jbr\bin\jli.dll
0x00007ff809aa0000 - 0x00007ff809c41000 	C:\Windows\System32\USER32.dll
0x00007ff807890000 - 0x00007ff8078b2000 	C:\Windows\System32\win32u.dll
0x00007ff808e40000 - 0x00007ff808e6b000 	C:\Windows\System32\GDI32.dll
0x00007ffff4e00000 - 0x00007ffff509a000 	C:\Windows\WinSxS\amd64_microsoft.windows.common-controls_6595b64144ccf1df_6.0.19041.1110_none_60b5254171f9507e\COMCTL32.dll
0x00007ff807380000 - 0x00007ff80748f000 	C:\Windows\System32\gdi32full.dll
0x00007ff808550000 - 0x00007ff8085ee000 	C:\Windows\System32\msvcrt.dll
0x00007ff807490000 - 0x00007ff80752d000 	C:\Windows\System32\msvcp_win.dll
0x00007fffd4770000 - 0x00007fffd4786000 	F:\IDEA\IntelliJ IDEA 2022.1\jbr\bin\VCRUNTIME140.dll
0x00007ff8085f0000 - 0x00007ff808622000 	C:\Windows\System32\IMM32.DLL
0x00007fffb9a90000 - 0x00007fffb9b3a000 	F:\IDEA\IntelliJ IDEA 2022.1\jbr\bin\msvcp140.dll
0x00007fffa1b40000 - 0x00007fffa26bb000 	F:\IDEA\IntelliJ IDEA 2022.1\jbr\bin\server\jvm.dll
0x00007ff809050000 - 0x00007ff8090fe000 	C:\Windows\System32\ADVAPI32.dll
0x00007ff8084a0000 - 0x00007ff80853c000 	C:\Windows\System32\sechost.dll
0x00007ff808f20000 - 0x00007ff809045000 	C:\Windows\System32\RPCRT4.dll
0x00007ff809a90000 - 0x00007ff809a98000 	C:\Windows\System32\PSAPI.DLL
0x00007ff800030000 - 0x00007ff80003a000 	C:\Windows\SYSTEM32\VERSION.dll
0x00007ff802b20000 - 0x00007ff802b29000 	C:\Windows\SYSTEM32\WSOCK32.dll
0x00007ffffc460000 - 0x00007ffffc487000 	C:\Windows\SYSTEM32\WINMM.dll
0x00007ff808960000 - 0x00007ff8089cb000 	C:\Windows\System32\WS2_32.dll
0x00007ff805bd0000 - 0x00007ff805be2000 	C:\Windows\SYSTEM32\kernel.appcore.dll
0x00007fffead20000 - 0x00007fffead31000 	F:\IDEA\IntelliJ IDEA 2022.1\jbr\bin\verify.dll
0x00007ff805210000 - 0x00007ff8053f4000 	C:\Windows\SYSTEM32\DBGHELP.DLL
0x00007fffefb70000 - 0x00007fffefba5000 	C:\Windows\SYSTEM32\dbgcore.DLL
0x00007ff807800000 - 0x00007ff807882000 	C:\Windows\System32\bcryptPrimitives.dll
0x00007fffdae90000 - 0x00007fffdaeb9000 	F:\IDEA\IntelliJ IDEA 2022.1\jbr\bin\java.dll
0x00007ff802b10000 - 0x00007ff802b1b000 	F:\IDEA\IntelliJ IDEA 2022.1\jbr\bin\jimage.dll
0x00007fffdae50000 - 0x00007fffdae69000 	F:\IDEA\IntelliJ IDEA 2022.1\jbr\bin\zip.dll

dbghelp: loaded successfully - version: 4.0.5 - missing functions: none
symbol engine: initialized successfully - sym options: 0x614 - pdb path: .;F:\IDEA\IntelliJ IDEA 2022.1\jbr\bin;C:\Windows\SYSTEM32;C:\Windows\WinSxS\amd64_microsoft.windows.common-controls_6595b64144ccf1df_6.0.19041.1110_none_60b5254171f9507e;F:\IDEA\IntelliJ IDEA 2022.1\jbr\bin\server

VM Arguments:
jvm_args: -Djava.rmi.server.hostname=127.0.0.1 -Duser.timezone=UTC -Xmx4096m -Xms3550m -Dfile.encoding=UTF-8 
java_command: com.intellij.database.remote.RemoteJdbcServer com.mysql.cj.jdbc.Driver
java_class_path (initial): F:\IDEA\IntelliJ IDEA 2022.1\lib\util_rt.jar;F:\IDEA\IntelliJ IDEA 2022.1\lib\util.jar;F:\IDEA\IntelliJ IDEA 2022.1\lib\groovy.jar;F:\IDEA\IntelliJ IDEA 2022.1\plugins\DatabaseTools\lib\jdbc-console.jar;C:\Users\历川\AppData\Roaming\JetBrains\IntelliJIdea2022.1\jdbc-drivers\MySQL ConnectorJ\8.0.25\mysql-connector-java-8.0.25.jar
Launcher Type: SUN_STANDARD

[Global flags]
     intx CICompilerCount                          = 4                                         {product} {ergonomic}
     uint ConcGCThreads                            = 3                                         {product} {ergonomic}
     uint G1ConcRefinementThreads                  = 10                                        {product} {ergonomic}
   size_t G1HeapRegionSize                         = 1048576                                   {product} {ergonomic}
    uintx GCDrainStackTargetSize                   = 64                                        {product} {ergonomic}
   size_t InitialHeapSize                          = 3722444800                                {product} {command line}
   size_t MarkStackSize                            = 4194304                                   {product} {ergonomic}
   size_t MaxHeapSize                              = 4294967296                                {product} {command line}
   size_t MaxNewSize                               = 2576351232                                {product} {ergonomic}
   size_t MinHeapDeltaBytes                        = 1048576                                   {product} {ergonomic}
    uintx NonNMethodCodeHeapSize                   = 5836300                                {pd product} {ergonomic}
    uintx NonProfiledCodeHeapSize                  = 122910970                              {pd product} {ergonomic}
    uintx ProfiledCodeHeapSize                     = 122910970                              {pd product} {ergonomic}
    uintx ReservedCodeCacheSize                    = 251658240                              {pd product} {ergonomic}
     bool SegmentedCodeCache                       = true                                      {product} {ergonomic}
     bool UseCompressedClassPointers               = true                                 {lp64_product} {ergonomic}
     bool UseCompressedOops                        = true                                 {lp64_product} {ergonomic}
     bool UseG1GC                                  = true                                      {product} {ergonomic}
     bool UseLargePagesIndividualAllocation        = false                                  {pd product} {ergonomic}

Logging:
Log output configuration:
 #0: stdout all=warning uptime,level,tags
 #1: stderr all=off uptime,level,tags

Environment Variables:
JAVA_HOME=C:\Program Files\Java\jdk1.8.0_311
PATH=C:\Program Files\Java\jdk1.8.0_311\bin;F:\goland\go1.18\bin\bin;C:\Program Files (x86)\Common Files\Oracle\Java\javapath;D:\vmware\bin\;C:\Windows\system32;C:\Windows;C:\Windows\System32\Wbem;C:\Windows\System32\WindowsPowerShell\v1.0\;C:\Windows\System32\OpenSSH\;C:\Program Files (x86)\NVIDIA Corporation\PhysX\Common;C:\Program Files\NVIDIA Corporation\NVIDIA NvDLISR;F:\Git\Git\cmd;C:\Program Files\MySQL\MySQL Server 8.0\bin;F:\IDEA\apache-maven-3.8.5\bin;D:\新建文件夹\Typora 1.2.4\Nodejs\;C:\Program Files\dotnet\;G:\software\nodejs\;G:\anaconda\anaconda;G:\anaconda\anaconda\Scripts;G:\anaconda\anaconda\Library\bin;E:\matlab\matlab2014a\runtime\win64;E:\matlab\matlab2014a\bin;E:\matlab\matlab2014a\polyspace\bin;C:\Program Files\MySQL\MySQL Shell 8.0\bin\;C:\Users\历川\AppData\Local\Microsoft\WindowsApps;D:\mingw\bin;F:\hyper\resources\bin;D:\新建文件夹\Typora 1.2.4\Nodejs\node_global;F:\vsd\Microsoft VS Code\bin;G:\software\nodejs\node_global;C:\Users\历川\AppData\Local\JetBrains\Toolbox\scripts;
USERNAME=历川
OS=Windows_NT
PROCESSOR_IDENTIFIER=AMD64 Family 25 Model 80 Stepping 0, AuthenticAMD



---------------  S Y S T E M  ---------------

OS: Windows 10 , 64 bit Build 19041 (10.0.19041.2546)
OS uptime: 5 days 2:22 hours

CPU:total 12 (initial active 12) (12 cores per cpu, 2 threads per core) family 25 model 80 stepping 0 microcode 0x0, cmov, cx8, fxsr, mmx, sse, sse2, sse3, ssse3, sse4.1, sse4.2, popcnt, avx, avx2, aes, clmul, erms, mmxext, 3dnowpref, lzcnt, sse4a, ht, tsc, tscinvbit, tscinv, bmi1, bmi2, adx, sha, fma

Memory: 4k page, system-wide physical 16236M (3156M free)
TotalPageFile size 26236M (AvailPageFile size 150M)
current process WorkingSet (physical memory assigned to process): 156M, peak: 156M
current process commit charge ("private bytes"): 3767M, peak: 3767M

vm_info: OpenJDK 64-Bit Server VM (11.0.15+10-b2043.56) for windows-amd64 JRE (11.0.15+10-b2043.56), built on May 16 2022 02:28:12 by "" with MS VC++ 14.0 (VS2015)

END.
